{
  "0 debug pnpm:scope": {
    "selected": 1
  },
  "1 debug pnpm:package-manifest": {
    "initial": {
      "version": "4.0.0",
      "scripts": {
        "start": "webpack-react-vue-spa-awesome-config start --port=11111 --config=./webpack.config.js",
        "build": "webpack-react-vue-spa-awesome-config build --config=./webpack.config.js",
        "format": "prettier **/*.js --write **/*.ts *.json *.md **/*.jsx **/*.tsx **/*.vue **/*.css **/*.html */*/*.js "
      },
      "name": "@masx200/my-vue-router-project",
      "description": "A Vue.js router project",
      "author": "masx200 <34191203+masx200@users.noreply.github.com>",
      "browserslist": {
        "production": [
          ">0.2%",
          "not dead",
          "not op_mini all"
        ],
        "development": [
          "last 1 chrome version",
          "last 1 firefox version",
          "last 1 safari version"
        ]
      },
      "repository": {
        "type": "git",
        "url": "git+https://github.com/masx200/my-vue-router-project.git"
      },
      "license": "MIT",
      "devDependencies": {
        "@vue/compiler-sfc": "^3.0.0"
      },
      "main": "index.js",
      "bugs": {
        "url": "https://github.com/masx200/my-vue-router-project/issues"
      },
      "homepage": "https://github.com/masx200/my-vue-router-project#readme",
      "keywords": [],
      "dependencies": {
        "@babel/core": "^7.14.3",
        "@babel/generator": "^7.14.5",
        "@babel/parser": "^7.14.5",
        "@babel/plugin-proposal-class-properties": "7.13.0",
        "@babel/plugin-syntax-dynamic-import": "^7.8.3",
        "@babel/preset-env": "^7.14.2",
        "@babel/preset-react": "^7.13.13",
        "@masx200/acorn-parse-escodegen-generate-esm-broweser": "1.1.1",
        "@masx200/webpack-react-vue-spa-awesome-config": "3.5.1",
        "@types/jquery": "3.5.5",
        "@types/node": "15.6.1",
        "@types/react": "17.0.6",
        "@types/webpack": "^5.28.0",
        "autoprefixer": "^10.2.5",
        "babel-core": "^6.26.3",
        "babel-generator": "^6.26.1",
        "babel-loader": "^8.2.2",
        "babel-plugin-named-asset-import": "^0.3.7",
        "babel-plugin-transform-runtime": "^6.23.0",
        "babel-polyfill": "^6.26.0",
        "babel-preset-env": "^1.7.0",
        "babel-preset-react-app": "^10.0.0",
        "big-integer": "^1.6.48",
        "browserslist": "^4.16.6",
        "case-sensitive-paths-webpack-plugin": "^2.4.0",
        "clean-webpack-plugin": "^4.0.0-alpha.0",
        "clipboard": "^2.0.8",
        "copy-webpack-plugin": "^9.0.0",
        "core-js": "^3.12.1",
        "css-loader": "^5.2.6",
        "error": "^10.4.0",
        "file-loader": "^6.2.0",
        "highlight.js": "^10.7.2",
        "html-webpack-plugin": "^5.3.1",
        "http-proxy": "1.18.1",
        "jquery": "^3.6.0",
        "json-loader": "^0.5.7",
        "less": "^4.1.1",
        "less-loader": "^9.0.0",
        "lodash": "^4.17.21",
        "mini-css-extract-plugin": "^1.6.0",
        "minimist": "^1.2.5",
        "node-sass": "6.0.0",
        "optimize-css-assets-webpack-plugin": "^6.0.0",
        "pnp-webpack-plugin": "^1.6.4",
        "postcss": "8.3.0",
        "postcss-flexbugs-fixes": "^5.0.2",
        "postcss-loader": "^5.3.0",
        "postcss-normalize": "^10.0.0",
        "postcss-preset-env": "^6.7.0",
        "postcss-safe-parser": "^5.0.2",
        "prettier": "^2.3.1",
        "purify-css": "^1.2.5",
        "purifycss-webpack": "^0.7.0",
        "rollup": "^2.49.0",
        "sass": "1.34.0",
        "sass-loader": "^11.1.1",
        "serialize-javascript": "^5.0.1",
        "style-loader": "^2.0.0",
        "terser": "^5.7.0",
        "terser-webpack-plugin": "^5.1.2",
        "tslib": "^2.2.0",
        "typescript": "^4.3.2",
        "unicode-loader": "^1.0.7",
        "url-loader": "^4.1.1",
        "vue": "3.1.5",
        "vue-loader": "16",
        "vue-router": "4.0.10",
        "vue-style-loader": "^4.1.3",
        "vue-template-compiler": "^2.6.14",
        "webpack": "^5.38.1",
        "webpack-cli": "^4.7.2",
        "webpack-copyfiles-plugin": "^1.0.9",
        "webpack-deep-scope-plugin": "^1.6.2",
        "webpack-dev-server": "^3.11.2",
        "webpack-manifest-plugin": "^3.1.1",
        "webpack-merge": "^5.7.3",
        "workbox-webpack-plugin": "^6.1.5",
        "worker-loader": "^3.0.8",
        "yargs-parser": "20.2.7",
        "@masx200/ie11-usual-polyfills": "^1.0.4",
        "tiny-emitter/instance": "^2.1.0"
      }
    },
    "prefix": "/home/mas/Documents/my-vue-router-project"
  },
  "2 debug pnpm:context": {
    "currentLockfileExists": false,
    "storeDir": "/home/mas/.pnpm-store/v3",
    "virtualStoreDir": "/home/mas/Documents/my-vue-router-project/node_modules/.pnpm"
  },
  "3 debug pnpm:stage": {
    "prefix": "/home/mas/Documents/my-vue-router-project",
    "stage": "resolution_started"
  },
  "4 debug pnpm:_dependency_resolved": {
    "resolution": "registry.npmjs.org/@babel/core/7.14.5",
    "wanted": {
      "dependentId": ".",
      "name": "@babel/core",
      "rawSpec": "^7.14.3"
    }
  },
  "5 debug pnpm:_dependency_resolved": {
    "resolution": "registry.npmjs.org/@babel/generator/7.14.5",
    "wanted": {
      "dependentId": ".",
      "name": "@babel/generator",
      "rawSpec": "^7.14.5"
    }
  },
  "6 debug pnpm:_dependency_resolved": {
    "resolution": "registry.npmjs.org/@babel/parser/7.14.5",
    "wanted": {
      "dependentId": ".",
      "name": "@babel/parser",
      "rawSpec": "^7.14.5"
    }
  },
  "7 debug pnpm:_dependency_resolved": {
    "resolution": "registry.npmjs.org/@babel/plugin-proposal-class-properties/7.13.0",
    "wanted": {
      "dependentId": ".",
      "name": "@babel/plugin-proposal-class-properties",
      "rawSpec": "7.13.0"
    }
  },
  "8 debug pnpm:_dependency_resolved": {
    "resolution": "registry.npmjs.org/@babel/plugin-syntax-dynamic-import/7.8.3",
    "wanted": {
      "dependentId": ".",
      "name": "@babel/plugin-syntax-dynamic-import",
      "rawSpec": "^7.8.3"
    }
  },
  "9 debug pnpm:_dependency_resolved": {
    "resolution": "registry.npmjs.org/@babel/preset-env/7.14.5",
    "wanted": {
      "dependentId": ".",
      "name": "@babel/preset-env",
      "rawSpec": "^7.14.2"
    }
  },
  "10 debug pnpm:_dependency_resolved": {
    "resolution": "registry.npmjs.org/@babel/preset-react/7.14.5",
    "wanted": {
      "dependentId": ".",
      "name": "@babel/preset-react",
      "rawSpec": "^7.13.13"
    }
  },
  "11 debug pnpm:_dependency_resolved": {
    "resolution": "registry.npmjs.org/@masx200/acorn-parse-escodegen-generate-esm-broweser/1.1.1",
    "wanted": {
      "dependentId": ".",
      "name": "@masx200/acorn-parse-escodegen-generate-esm-broweser",
      "rawSpec": "1.1.1"
    }
  },
  "12 debug pnpm:_dependency_resolved": {
    "resolution": "registry.npmjs.org/@types/jquery/3.5.5",
    "wanted": {
      "dependentId": ".",
      "name": "@types/jquery",
      "rawSpec": "3.5.5"
    }
  },
  "13 debug pnpm:_dependency_resolved": {
    "resolution": "registry.npmjs.org/@types/node/15.6.1",
    "wanted": {
      "dependentId": ".",
      "name": "@types/node",
      "rawSpec": "15.6.1"
    }
  },
  "14 debug pnpm:_dependency_resolved": {
    "resolution": "registry.npmjs.org/@types/react/17.0.6",
    "wanted": {
      "dependentId": ".",
      "name": "@types/react",
      "rawSpec": "17.0.6"
    }
  },
  "15 debug pnpm:_dependency_resolved": {
    "resolution": "registry.npmjs.org/@types/webpack/5.28.0",
    "wanted": {
      "dependentId": ".",
      "name": "@types/webpack",
      "rawSpec": "^5.28.0"
    }
  },
  "16 debug pnpm:_dependency_resolved": {
    "resolution": "registry.npmjs.org/autoprefixer/10.2.6",
    "wanted": {
      "dependentId": ".",
      "name": "autoprefixer",
      "rawSpec": "^10.2.5"
    }
  },
  "17 debug pnpm:_dependency_resolved": {
    "resolution": "registry.npmjs.org/babel-core/6.26.3",
    "wanted": {
      "dependentId": ".",
      "name": "babel-core",
      "rawSpec": "^6.26.3"
    }
  },
  "18 debug pnpm:_dependency_resolved": {
    "resolution": "registry.npmjs.org/babel-generator/6.26.1",
    "wanted": {
      "dependentId": ".",
      "name": "babel-generator",
      "rawSpec": "^6.26.1"
    }
  },
  "19 debug pnpm:_dependency_resolved": {
    "resolution": "registry.npmjs.org/babel-loader/8.2.2",
    "wanted": {
      "dependentId": ".",
      "name": "babel-loader",
      "rawSpec": "^8.2.2"
    }
  },
  "20 debug pnpm:_dependency_resolved": {
    "resolution": "registry.npmjs.org/babel-plugin-named-asset-import/0.3.7",
    "wanted": {
      "dependentId": ".",
      "name": "babel-plugin-named-asset-import",
      "rawSpec": "^0.3.7"
    }
  },
  "21 debug pnpm:_dependency_resolved": {
    "resolution": "registry.npmjs.org/babel-plugin-transform-runtime/6.23.0",
    "wanted": {
      "dependentId": ".",
      "name": "babel-plugin-transform-runtime",
      "rawSpec": "^6.23.0"
    }
  },
  "22 debug pnpm:_dependency_resolved": {
    "resolution": "registry.npmjs.org/babel-polyfill/6.26.0",
    "wanted": {
      "dependentId": ".",
      "name": "babel-polyfill",
      "rawSpec": "^6.26.0"
    }
  },
  "23 debug pnpm:_dependency_resolved": {
    "resolution": "registry.npmjs.org/babel-preset-env/1.7.0",
    "wanted": {
      "dependentId": ".",
      "name": "babel-preset-env",
      "rawSpec": "^1.7.0"
    }
  },
  "24 debug pnpm:_dependency_resolved": {
    "resolution": "registry.npmjs.org/babel-preset-react-app/10.0.0",
    "wanted": {
      "dependentId": ".",
      "name": "babel-preset-react-app",
      "rawSpec": "^10.0.0"
    }
  },
  "25 debug pnpm:_dependency_resolved": {
    "resolution": "registry.npmjs.org/big-integer/1.6.48",
    "wanted": {
      "dependentId": ".",
      "name": "big-integer",
      "rawSpec": "^1.6.48"
    }
  },
  "26 debug pnpm:_dependency_resolved": {
    "resolution": "registry.npmjs.org/browserslist/4.16.6",
    "wanted": {
      "dependentId": ".",
      "name": "browserslist",
      "rawSpec": "^4.16.6"
    }
  },
  "27 debug pnpm:_dependency_resolved": {
    "resolution": "registry.npmjs.org/case-sensitive-paths-webpack-plugin/2.4.0",
    "wanted": {
      "dependentId": ".",
      "name": "case-sensitive-paths-webpack-plugin",
      "rawSpec": "^2.4.0"
    }
  },
  "28 debug pnpm:_dependency_resolved": {
    "resolution": "registry.npmjs.org/clean-webpack-plugin/4.0.0-alpha.0",
    "wanted": {
      "dependentId": ".",
      "name": "clean-webpack-plugin",
      "rawSpec": "^4.0.0-alpha.0"
    }
  },
  "29 debug pnpm:_dependency_resolved": {
    "resolution": "registry.npmjs.org/clipboard/2.0.8",
    "wanted": {
      "dependentId": ".",
      "name": "clipboard",
      "rawSpec": "^2.0.8"
    }
  },
  "30 debug pnpm:_dependency_resolved": {
    "resolution": "registry.npmjs.org/copy-webpack-plugin/9.0.0",
    "wanted": {
      "dependentId": ".",
      "name": "copy-webpack-plugin",
      "rawSpec": "^9.0.0"
    }
  },
  "31 debug pnpm:_dependency_resolved": {
    "resolution": "registry.npmjs.org/core-js/3.14.0",
    "wanted": {
      "dependentId": ".",
      "name": "core-js",
      "rawSpec": "^3.12.1"
    }
  },
  "32 debug pnpm:_dependency_resolved": {
    "resolution": "registry.npmjs.org/css-loader/5.2.6",
    "wanted": {
      "dependentId": ".",
      "name": "css-loader",
      "rawSpec": "^5.2.6"
    }
  },
  "33 debug pnpm:_dependency_resolved": {
    "resolution": "registry.npmjs.org/error/10.4.0",
    "wanted": {
      "dependentId": ".",
      "name": "error",
      "rawSpec": "^10.4.0"
    }
  },
  "34 debug pnpm:_dependency_resolved": {
    "resolution": "registry.npmjs.org/file-loader/6.2.0",
    "wanted": {
      "dependentId": ".",
      "name": "file-loader",
      "rawSpec": "^6.2.0"
    }
  },
  "35 debug pnpm:_dependency_resolved": {
    "resolution": "registry.npmjs.org/highlight.js/10.7.3",
    "wanted": {
      "dependentId": ".",
      "name": "highlight.js",
      "rawSpec": "^10.7.2"
    }
  },
  "36 debug pnpm:_dependency_resolved": {
    "resolution": "registry.npmjs.org/html-webpack-plugin/5.3.1",
    "wanted": {
      "dependentId": ".",
      "name": "html-webpack-plugin",
      "rawSpec": "^5.3.1"
    }
  },
  "37 debug pnpm:_dependency_resolved": {
    "resolution": "registry.npmjs.org/http-proxy/1.18.1",
    "wanted": {
      "dependentId": ".",
      "name": "http-proxy",
      "rawSpec": "1.18.1"
    }
  },
  "38 debug pnpm:_dependency_resolved": {
    "resolution": "registry.npmjs.org/jquery/3.6.0",
    "wanted": {
      "dependentId": ".",
      "name": "jquery",
      "rawSpec": "^3.6.0"
    }
  },
  "39 debug pnpm:_dependency_resolved": {
    "resolution": "registry.npmjs.org/json-loader/0.5.7",
    "wanted": {
      "dependentId": ".",
      "name": "json-loader",
      "rawSpec": "^0.5.7"
    }
  },
  "40 debug pnpm:_dependency_resolved": {
    "resolution": "registry.npmjs.org/less/4.1.1",
    "wanted": {
      "dependentId": ".",
      "name": "less",
      "rawSpec": "^4.1.1"
    }
  },
  "41 debug pnpm:_dependency_resolved": {
    "resolution": "registry.npmjs.org/less-loader/9.1.0",
    "wanted": {
      "dependentId": ".",
      "name": "less-loader",
      "rawSpec": "^9.0.0"
    }
  },
  "42 debug pnpm:_dependency_resolved": {
    "resolution": "registry.npmjs.org/lodash/4.17.21",
    "wanted": {
      "dependentId": ".",
      "name": "lodash",
      "rawSpec": "^4.17.21"
    }
  },
  "43 debug pnpm:_dependency_resolved": {
    "resolution": "registry.npmjs.org/mini-css-extract-plugin/1.6.0",
    "wanted": {
      "dependentId": ".",
      "name": "mini-css-extract-plugin",
      "rawSpec": "^1.6.0"
    }
  },
  "44 debug pnpm:_dependency_resolved": {
    "resolution": "registry.npmjs.org/minimist/1.2.5",
    "wanted": {
      "dependentId": ".",
      "name": "minimist",
      "rawSpec": "^1.2.5"
    }
  },
  "45 debug pnpm:_dependency_resolved": {
    "resolution": "registry.npmjs.org/node-sass/6.0.0",
    "wanted": {
      "dependentId": ".",
      "name": "node-sass",
      "rawSpec": "6.0.0"
    }
  },
  "46 debug pnpm:_dependency_resolved": {
    "resolution": "registry.npmjs.org/optimize-css-assets-webpack-plugin/6.0.0",
    "wanted": {
      "dependentId": ".",
      "name": "optimize-css-assets-webpack-plugin",
      "rawSpec": "^6.0.0"
    }
  },
  "47 debug pnpm:_dependency_resolved": {
    "resolution": "registry.npmjs.org/pnp-webpack-plugin/1.6.4",
    "wanted": {
      "dependentId": ".",
      "name": "pnp-webpack-plugin",
      "rawSpec": "^1.6.4"
    }
  },
  "48 debug pnpm:_dependency_resolved": {
    "resolution": "registry.npmjs.org/postcss/8.3.0",
    "wanted": {
      "dependentId": ".",
      "name": "postcss",
      "rawSpec": "8.3.0"
    }
  },
  "49 debug pnpm:_dependency_resolved": {
    "resolution": "registry.npmjs.org/postcss-flexbugs-fixes/5.0.2",
    "wanted": {
      "dependentId": ".",
      "name": "postcss-flexbugs-fixes",
      "rawSpec": "^5.0.2"
    }
  },
  "50 debug pnpm:_dependency_resolved": {
    "resolution": "registry.npmjs.org/postcss-loader/5.3.0",
    "wanted": {
      "dependentId": ".",
      "name": "postcss-loader",
      "rawSpec": "^5.3.0"
    }
  },
  "51 debug pnpm:_dependency_resolved": {
    "resolution": "registry.npmjs.org/postcss-normalize/10.0.0",
    "wanted": {
      "dependentId": ".",
      "name": "postcss-normalize",
      "rawSpec": "^10.0.0"
    }
  },
  "52 debug pnpm:_dependency_resolved": {
    "resolution": "registry.npmjs.org/postcss-preset-env/6.7.0",
    "wanted": {
      "dependentId": ".",
      "name": "postcss-preset-env",
      "rawSpec": "^6.7.0"
    }
  },
  "53 debug pnpm:_dependency_resolved": {
    "resolution": "registry.npmjs.org/postcss-safe-parser/5.0.2",
    "wanted": {
      "dependentId": ".",
      "name": "postcss-safe-parser",
      "rawSpec": "^5.0.2"
    }
  },
  "54 debug pnpm:_dependency_resolved": {
    "resolution": "registry.npmjs.org/purify-css/1.2.5",
    "wanted": {
      "dependentId": ".",
      "name": "purify-css",
      "rawSpec": "^1.2.5"
    }
  },
  "55 debug pnpm:_dependency_resolved": {
    "resolution": "registry.npmjs.org/purifycss-webpack/0.7.0",
    "wanted": {
      "dependentId": ".",
      "name": "purifycss-webpack",
      "rawSpec": "^0.7.0"
    }
  },
  "56 debug pnpm:_dependency_resolved": {
    "resolution": "registry.npmjs.org/rollup/2.51.1",
    "wanted": {
      "dependentId": ".",
      "name": "rollup",
      "rawSpec": "^2.49.0"
    }
  },
  "57 debug pnpm:_dependency_resolved": {
    "resolution": "registry.npmjs.org/sass/1.34.0",
    "wanted": {
      "dependentId": ".",
      "name": "sass",
      "rawSpec": "1.34.0"
    }
  },
  "58 debug pnpm:_dependency_resolved": {
    "resolution": "registry.npmjs.org/sass-loader/11.1.1",
    "wanted": {
      "dependentId": ".",
      "name": "sass-loader",
      "rawSpec": "^11.1.1"
    }
  },
  "59 debug pnpm:_dependency_resolved": {
    "resolution": "registry.npmjs.org/serialize-javascript/5.0.1",
    "wanted": {
      "dependentId": ".",
      "name": "serialize-javascript",
      "rawSpec": "^5.0.1"
    }
  },
  "60 debug pnpm:_dependency_resolved": {
    "resolution": "registry.npmjs.org/style-loader/2.0.0",
    "wanted": {
      "dependentId": ".",
      "name": "style-loader",
      "rawSpec": "^2.0.0"
    }
  },
  "61 debug pnpm:_dependency_resolved": {
    "resolution": "registry.npmjs.org/terser/5.7.0",
    "wanted": {
      "dependentId": ".",
      "name": "terser",
      "rawSpec": "^5.7.0"
    }
  },
  "62 debug pnpm:_dependency_resolved": {
    "resolution": "registry.npmjs.org/terser-webpack-plugin/5.1.3",
    "wanted": {
      "dependentId": ".",
      "name": "terser-webpack-plugin",
      "rawSpec": "^5.1.2"
    }
  },
  "63 debug pnpm:_dependency_resolved": {
    "resolution": "registry.npmjs.org/tslib/2.2.0",
    "wanted": {
      "dependentId": ".",
      "name": "tslib",
      "rawSpec": "^2.2.0"
    }
  },
  "64 debug pnpm:_dependency_resolved": {
    "resolution": "registry.npmjs.org/typescript/4.3.2",
    "wanted": {
      "dependentId": ".",
      "name": "typescript",
      "rawSpec": "^4.3.2"
    }
  },
  "65 debug pnpm:_dependency_resolved": {
    "resolution": "registry.npmjs.org/unicode-loader/1.0.7",
    "wanted": {
      "dependentId": ".",
      "name": "unicode-loader",
      "rawSpec": "^1.0.7"
    }
  },
  "66 debug pnpm:_dependency_resolved": {
    "resolution": "registry.npmjs.org/url-loader/4.1.1",
    "wanted": {
      "dependentId": ".",
      "name": "url-loader",
      "rawSpec": "^4.1.1"
    }
  },
  "67 debug pnpm:_dependency_resolved": {
    "resolution": "registry.npmjs.org/vue-style-loader/4.1.3",
    "wanted": {
      "dependentId": ".",
      "name": "vue-style-loader",
      "rawSpec": "^4.1.3"
    }
  },
  "68 debug pnpm:_dependency_resolved": {
    "resolution": "registry.npmjs.org/vue-template-compiler/2.6.14",
    "wanted": {
      "dependentId": ".",
      "name": "vue-template-compiler",
      "rawSpec": "^2.6.14"
    }
  },
  "69 debug pnpm:_dependency_resolved": {
    "resolution": "registry.npmjs.org/webpack/5.38.1",
    "wanted": {
      "dependentId": ".",
      "name": "webpack",
      "rawSpec": "^5.38.1"
    }
  },
  "70 debug pnpm:_dependency_resolved": {
    "resolution": "registry.npmjs.org/webpack-cli/4.7.2",
    "wanted": {
      "dependentId": ".",
      "name": "webpack-cli",
      "rawSpec": "^4.7.2"
    }
  },
  "71 debug pnpm:_dependency_resolved": {
    "resolution": "registry.npmjs.org/webpack-copyfiles-plugin/1.0.9",
    "wanted": {
      "dependentId": ".",
      "name": "webpack-copyfiles-plugin",
      "rawSpec": "^1.0.9"
    }
  },
  "72 debug pnpm:_dependency_resolved": {
    "resolution": "registry.npmjs.org/webpack-deep-scope-plugin/1.6.2",
    "wanted": {
      "dependentId": ".",
      "name": "webpack-deep-scope-plugin",
      "rawSpec": "^1.6.2"
    }
  },
  "73 debug pnpm:_dependency_resolved": {
    "resolution": "registry.npmjs.org/webpack-dev-server/3.11.2",
    "wanted": {
      "dependentId": ".",
      "name": "webpack-dev-server",
      "rawSpec": "^3.11.2"
    }
  },
  "74 debug pnpm:_dependency_resolved": {
    "resolution": "registry.npmjs.org/webpack-manifest-plugin/3.1.1",
    "wanted": {
      "dependentId": ".",
      "name": "webpack-manifest-plugin",
      "rawSpec": "^3.1.1"
    }
  },
  "75 debug pnpm:_dependency_resolved": {
    "resolution": "registry.npmjs.org/webpack-merge/5.8.0",
    "wanted": {
      "dependentId": ".",
      "name": "webpack-merge",
      "rawSpec": "^5.7.3"
    }
  },
  "76 debug pnpm:_dependency_resolved": {
    "resolution": "registry.npmjs.org/workbox-webpack-plugin/6.1.5",
    "wanted": {
      "dependentId": ".",
      "name": "workbox-webpack-plugin",
      "rawSpec": "^6.1.5"
    }
  },
  "77 debug pnpm:_dependency_resolved": {
    "resolution": "registry.npmjs.org/worker-loader/3.0.8",
    "wanted": {
      "dependentId": ".",
      "name": "worker-loader",
      "rawSpec": "^3.0.8"
    }
  },
  "78 debug pnpm:_dependency_resolved": {
    "resolution": "registry.npmjs.org/yargs-parser/20.2.7",
    "wanted": {
      "dependentId": ".",
      "name": "yargs-parser",
      "rawSpec": "20.2.7"
    }
  },
  "79 debug pnpm:_dependency_resolved": {
    "resolution": "registry.npmjs.org/@masx200/ie11-usual-polyfills/1.0.4",
    "wanted": {
      "dependentId": ".",
      "name": "@masx200/ie11-usual-polyfills",
      "rawSpec": "^1.0.4"
    }
  },
  "80 error pnpm": {
    "code": "ERR_PNPM_INVALID_PACKAGE_NAME",
    "pkgsStack": [],
    "err": {
      "name": "Error",
      "message": "Package name tiny-emitter/instance is invalid, it should have a @scope",
      "code": "ERR_PNPM_INVALID_PACKAGE_NAME",
      "stack": "Error: Package name tiny-emitter/instance is invalid, it should have a @scope\n    at validatePackageName (/home/mas/Downloads/node-v16.5.0-linux-x64/node-v16.5.0-linux-x64/lib/node_modules/pnpm/dist/pnpm.cjs:79353:15)\n    at exports2.default (/home/mas/Downloads/node-v16.5.0-linux-x64/node-v16.5.0-linux-x64/lib/node_modules/pnpm/dist/pnpm.cjs:79258:7)\n    at resolveNpm (/home/mas/Downloads/node-v16.5.0-linux-x64/node-v16.5.0-linux-x64/lib/node_modules/pnpm/dist/pnpm.cjs:79731:32)\n    at Object.resolve (/home/mas/Downloads/node-v16.5.0-linux-x64/node-v16.5.0-linux-x64/lib/node_modules/pnpm/dist/pnpm.cjs:79919:40)\n    at ctx.requestsQueue.add.priority (/home/mas/Downloads/node-v16.5.0-linux-x64/node-v16.5.0-linux-x64/lib/node_modules/pnpm/dist/pnpm.cjs:66246:75)\n    at run (/home/mas/Downloads/node-v16.5.0-linux-x64/node-v16.5.0-linux-x64/lib/node_modules/pnpm/dist/pnpm.cjs:65998:90)\n    at PQueue._tryToStartAnother (/home/mas/Downloads/node-v16.5.0-linux-x64/node-v16.5.0-linux-x64/lib/node_modules/pnpm/dist/pnpm.cjs:65952:13)\n    at /home/mas/Downloads/node-v16.5.0-linux-x64/node-v16.5.0-linux-x64/lib/node_modules/pnpm/dist/pnpm.cjs:66011:16\n    at new Promise (<anonymous>)\n    at PQueue.add (/home/mas/Downloads/node-v16.5.0-linux-x64/node-v16.5.0-linux-x64/lib/node_modules/pnpm/dist/pnpm.cjs:65993:16)"
    }
  }
}